Using pre-set license

 COMMAND LINE ARGUMENTS:
/Applications/Unity/Unity.app/Contents/MacOS/Unity
-adb2
-batchMode
-noUpm
-name
AssetImportWorker0
-projectPath
/Users/cecce/Downloads/Create-With-Code-master/Prototype 5
-logFile
Logs/AssetImportWorker0.log
-srvPort
64187
Successfully changed project path to: /Users/cecce/Downloads/Create-With-Code-master/Prototype 5
/Users/cecce/Downloads/Create-With-Code-master/Prototype 5
Using Asset Import Pipeline V2.
Refreshing native plugins compatible for Editor in 33.95 ms, found 1 plugins.
Preloading 0 native plugins for Editor in 0.00 ms.
Initialize engine version: 2020.2.2f1 (068178b99f32)
[Subsystems] Discovering subsystems at path /Applications/Unity/Unity.app/Contents/Resources/UnitySubsystems
[Subsystems] Discovering subsystems at path /Users/cecce/Downloads/Create-With-Code-master/Prototype 5/Assets
GfxDevice: creating device client; threaded=0
2021-12-10 10:41:50.973 Unity[37320:6402437] (null) preferred device: Apple M1 (high power)
2021-12-10 10:41:50.973 Unity[37320:6402437] Metal devices available: 1
2021-12-10 10:41:50.973 Unity[37320:6402437] 0: Apple M1 (high power)
2021-12-10 10:41:50.973 Unity[37320:6402437] Using device Apple M1 (high power)
Initializing Metal device caps: Apple M1
Initialize mono
Mono path[0] = '/Applications/Unity/Unity.app/Contents/Managed'
Mono path[1] = '/Applications/Unity/Unity.app/Contents/MonoBleedingEdge/lib/mono/unityjit'
Mono config path = '/Applications/Unity/Unity.app/Contents/MonoBleedingEdge/etc'
Using monoOptions --debugger-agent=transport=dt_socket,embedding=1,server=y,suspend=n,address=127.0.0.1:56320
Begin MonoManager ReloadAssembly
Registering precompiled unity dll's ...
Register platform support module: /Applications/Unity/Unity.app/Contents/PlaybackEngines/MacStandaloneSupport/UnityEditor.OSXStandalone.Extensions.dll
Registered in 0.001552 seconds.
Native extension for OSXStandalone target not found
Refreshing native plugins compatible for Editor in 28.85 ms, found 1 plugins.
Preloading 0 native plugins for Editor in 0.00 ms.
Invoked RoslynAnalysisRunner static constructor.
RoslynAnalysisRunner will not be running.
RoslynAnalysisRunner has terminated.
Mono: successfully reloaded assembly
- Completed reload, in  1.812 seconds
Platform modules already initialized, skipping
Registering precompiled user dll's ...
Registered in 0.001866 seconds.
Begin MonoManager ReloadAssembly
Native extension for OSXStandalone target not found
Refreshing native plugins compatible for Editor in 0.34 ms, found 1 plugins.
Preloading 0 native plugins for Editor in 0.00 ms.
Invoked RoslynAnalysisRunner static constructor.
RoslynAnalysisRunner will not be running.
RoslynAnalysisRunner has terminated.
Mono: successfully reloaded assembly
- Completed reload, in  1.610 seconds
Platform modules already initialized, skipping
========================================================================
Worker process is ready to serve import requests
Launching external process: /Applications/Unity/Unity.app/Contents/Tools/UnityShaderCompiler
Launched and connected shader compiler UnityShaderCompiler after 0.02 seconds
Refreshing native plugins compatible for Editor in 0.34 ms, found 1 plugins.
Preloading 0 native plugins for Editor in 0.00 ms.
Unloading 1394 Unused Serialized files (Serialized files now loaded: 0)
System memory in use before: 117.4 MB.
System memory in use after: 117.5 MB.

Unloading 33 unused Assets to reduce memory usage. Loaded Objects now: 1823.
Total: 1.387167 ms (FindLiveObjects: 0.127416 ms CreateObjectMapping: 0.028917 ms MarkObjects: 1.159000 ms  DeleteObjects: 0.071125 ms)

========================================================================
Received Import Request.
  path: Assets/Prefabs/Good 2.prefab
  artifactKey: Guid(8e436c7601a6b4194af4c5808e36beb5) Importer(815301076,1909f56bfc062723c751e8b465ee728b)
Start importing Assets/Prefabs/Good 2.prefab using Guid(8e436c7601a6b4194af4c5808e36beb5) Importer(815301076,1909f56bfc062723c751e8b465ee728b)  -> (artifact id: 'a1f34e4e5d8eb92e1efbbaaafeace2d0') in 0.538857 seconds
  Import took 0.541188 seconds .

========================================================================
Received Import Request.
  Time since last request: 111.808062 seconds.
  path: Assets/Prefabs/Good 1.prefab
  artifactKey: Guid(eaa99b649449046128d716eae49ee786) Importer(815301076,1909f56bfc062723c751e8b465ee728b)
Start importing Assets/Prefabs/Good 1.prefab using Guid(eaa99b649449046128d716eae49ee786) Importer(815301076,1909f56bfc062723c751e8b465ee728b)  -> (artifact id: '3d7cdcc95fbe46258a690ebafb0d3f90') in 0.019540 seconds
  Import took 0.022071 seconds .

========================================================================
Received Import Request.
  Time since last request: 0.032842 seconds.
  path: Assets/Prefabs/Good 1.prefab
  artifactKey: Guid(eaa99b649449046128d716eae49ee786) Importer(815301076,1909f56bfc062723c751e8b465ee728b)
Start importing Assets/Prefabs/Good 1.prefab using Guid(eaa99b649449046128d716eae49ee786) Importer(815301076,1909f56bfc062723c751e8b465ee728b)  -> (artifact id: '3d7cdcc95fbe46258a690ebafb0d3f90') in 0.008715 seconds
  Import took 0.010776 seconds .

========================================================================
Received Prepare
Registering precompiled user dll's ...
Registered in 0.001264 seconds.
Begin MonoManager ReloadAssembly
Native extension for OSXStandalone target not found
Refreshing native plugins compatible for Editor in 0.35 ms, found 1 plugins.
Preloading 0 native plugins for Editor in 0.00 ms.
Invoked RoslynAnalysisRunner static constructor.
RoslynAnalysisRunner will not be running.
RoslynAnalysisRunner has terminated.
Mono: successfully reloaded assembly
- Completed reload, in  1.590 seconds
Platform modules already initialized, skipping
Refreshing native plugins compatible for Editor in 0.41 ms, found 1 plugins.
Preloading 0 native plugins for Editor in 0.00 ms.
Unloading 1376 Unused Serialized files (Serialized files now loaded: 0)
System memory in use before: 124.8 MB.
System memory in use after: 124.8 MB.

Unloading 24 unused Assets to reduce memory usage. Loaded Objects now: 1833.
Total: 1.378500 ms (FindLiveObjects: 0.134125 ms CreateObjectMapping: 0.029167 ms MarkObjects: 1.190208 ms  DeleteObjects: 0.023875 ms)

========================================================================
Received Prepare
Registering precompiled user dll's ...
Registered in 0.001882 seconds.
Begin MonoManager ReloadAssembly
Native extension for OSXStandalone target not found
Refreshing native plugins compatible for Editor in 0.35 ms, found 1 plugins.
Preloading 0 native plugins for Editor in 0.00 ms.
Invoked RoslynAnalysisRunner static constructor.
RoslynAnalysisRunner will not be running.
RoslynAnalysisRunner has terminated.
Mono: successfully reloaded assembly
- Completed reload, in  1.538 seconds
Platform modules already initialized, skipping
Refreshing native plugins compatible for Editor in 0.31 ms, found 1 plugins.
Preloading 0 native plugins for Editor in 0.00 ms.
Unloading 1376 Unused Serialized files (Serialized files now loaded: 0)
System memory in use before: 125.3 MB.
System memory in use after: 125.4 MB.

Unloading 24 unused Assets to reduce memory usage. Loaded Objects now: 1835.
Total: 1.263292 ms (FindLiveObjects: 0.109125 ms CreateObjectMapping: 0.035375 ms MarkObjects: 1.101000 ms  DeleteObjects: 0.016834 ms)

========================================================================
Received Import Request.
  Time since last request: 1750.866846 seconds.
  path: Assets/Course Library/Textures/PolygonPrototype_Texture_Grid_08.png
  artifactKey: Guid(1d12fa396a3563b41b9ae11b0fb0b986) Importer(815301076,1909f56bfc062723c751e8b465ee728b)
Start importing Assets/Course Library/Textures/PolygonPrototype_Texture_Grid_08.png using Guid(1d12fa396a3563b41b9ae11b0fb0b986) Importer(815301076,1909f56bfc062723c751e8b465ee728b)  -> (artifact id: 'b9d51049659f451f78ea56fc10cd081d') in 0.521078 seconds
  Import took 0.523059 seconds .

========================================================================
Received Prepare
Registering precompiled user dll's ...
Registered in 0.001474 seconds.
Begin MonoManager ReloadAssembly
Native extension for OSXStandalone target not found
Refreshing native plugins compatible for Editor in 0.45 ms, found 1 plugins.
Preloading 0 native plugins for Editor in 0.00 ms.
Invoked RoslynAnalysisRunner static constructor.
RoslynAnalysisRunner will not be running.
RoslynAnalysisRunner has terminated.
Mono: successfully reloaded assembly
- Completed reload, in  1.625 seconds
Platform modules already initialized, skipping
Refreshing native plugins compatible for Editor in 0.37 ms, found 1 plugins.
Preloading 0 native plugins for Editor in 0.00 ms.
Unloading 1376 Unused Serialized files (Serialized files now loaded: 0)
System memory in use before: 129.8 MB.
System memory in use after: 129.9 MB.

Unloading 24 unused Assets to reduce memory usage. Loaded Objects now: 1839.
Total: 1.515042 ms (FindLiveObjects: 0.158458 ms CreateObjectMapping: 0.028625 ms MarkObjects: 1.307959 ms  DeleteObjects: 0.019208 ms)

========================================================================
Received Prepare
Registering precompiled user dll's ...
Registered in 0.000651 seconds.
Begin MonoManager ReloadAssembly
Native extension for OSXStandalone target not found
Refreshing native plugins compatible for Editor in 0.37 ms, found 1 plugins.
Preloading 0 native plugins for Editor in 0.00 ms.
Invoked RoslynAnalysisRunner static constructor.
RoslynAnalysisRunner will not be running.
RoslynAnalysisRunner has terminated.
Mono: successfully reloaded assembly
- Completed reload, in  1.567 seconds
Platform modules already initialized, skipping
Refreshing native plugins compatible for Editor in 0.38 ms, found 1 plugins.
Preloading 0 native plugins for Editor in 0.00 ms.
Unloading 1376 Unused Serialized files (Serialized files now loaded: 0)
System memory in use before: 130.9 MB.
System memory in use after: 131.0 MB.

Unloading 24 unused Assets to reduce memory usage. Loaded Objects now: 1841.
Total: 1.355250 ms (FindLiveObjects: 0.160042 ms CreateObjectMapping: 0.030166 ms MarkObjects: 1.149292 ms  DeleteObjects: 0.014875 ms)

========================================================================
Received Prepare
Registering precompiled user dll's ...
Registered in 0.000698 seconds.
Begin MonoManager ReloadAssembly
Native extension for OSXStandalone target not found
Refreshing native plugins compatible for Editor in 0.41 ms, found 1 plugins.
Preloading 0 native plugins for Editor in 0.00 ms.
Invoked RoslynAnalysisRunner static constructor.
RoslynAnalysisRunner will not be running.
RoslynAnalysisRunner has terminated.
Mono: successfully reloaded assembly
- Completed reload, in  1.565 seconds
Platform modules already initialized, skipping
Refreshing native plugins compatible for Editor in 0.35 ms, found 1 plugins.
Preloading 0 native plugins for Editor in 0.00 ms.
Unloading 1376 Unused Serialized files (Serialized files now loaded: 0)
System memory in use before: 131.5 MB.
System memory in use after: 131.6 MB.

Unloading 24 unused Assets to reduce memory usage. Loaded Objects now: 1843.
Total: 1.200000 ms (FindLiveObjects: 0.126958 ms CreateObjectMapping: 0.029000 ms MarkObjects: 1.029333 ms  DeleteObjects: 0.013834 ms)

========================================================================
Received Prepare
Registering precompiled user dll's ...
Registered in 0.000592 seconds.
Begin MonoManager ReloadAssembly
Native extension for OSXStandalone target not found
Refreshing native plugins compatible for Editor in 0.35 ms, found 1 plugins.
Preloading 0 native plugins for Editor in 0.00 ms.
Invoked RoslynAnalysisRunner static constructor.
RoslynAnalysisRunner will not be running.
RoslynAnalysisRunner has terminated.
Mono: successfully reloaded assembly
- Completed reload, in  1.566 seconds
Platform modules already initialized, skipping
Refreshing native plugins compatible for Editor in 0.31 ms, found 1 plugins.
Preloading 0 native plugins for Editor in 0.00 ms.
Unloading 1376 Unused Serialized files (Serialized files now loaded: 0)
System memory in use before: 131.7 MB.
System memory in use after: 131.8 MB.

Unloading 24 unused Assets to reduce memory usage. Loaded Objects now: 1845.
Total: 1.209250 ms (FindLiveObjects: 0.096625 ms CreateObjectMapping: 0.027750 ms MarkObjects: 1.070500 ms  DeleteObjects: 0.013542 ms)

========================================================================
Received Import Request.
  Time since last request: 11439.227072 seconds.
  path: Assets/Prefabs
  artifactKey: Guid(5a89a868b58d04e19999402110b13dad) Importer(815301076,1909f56bfc062723c751e8b465ee728b)
Start importing Assets/Prefabs using Guid(5a89a868b58d04e19999402110b13dad) Importer(815301076,1909f56bfc062723c751e8b465ee728b)  -> (artifact id: '85f5f501a6da1fe2fe4f7623c94563e3') in 0.004063 seconds
  Import took 0.005923 seconds .

========================================================================
Received Import Request.
  Time since last request: 1.611398 seconds.
  path: Assets/Prefabs/Bad 1.prefab
  artifactKey: Guid(dfcf415397a4a4014b3fffa0ce258fa1) Importer(815301076,1909f56bfc062723c751e8b465ee728b)
Start importing Assets/Prefabs/Bad 1.prefab using Guid(dfcf415397a4a4014b3fffa0ce258fa1) Importer(815301076,1909f56bfc062723c751e8b465ee728b)  -> (artifact id: '858dd03bee4908326a00928fa95e86ff') in 0.144595 seconds
  Import took 0.146785 seconds .

========================================================================
Received Import Request.
  Time since last request: 11.528616 seconds.
  path: Assets/Prefabs/Good 3.prefab
  artifactKey: Guid(6cfc35ed7a9d54fe68982ffb323221a2) Importer(815301076,1909f56bfc062723c751e8b465ee728b)
Start importing Assets/Prefabs/Good 3.prefab using Guid(6cfc35ed7a9d54fe68982ffb323221a2) Importer(815301076,1909f56bfc062723c751e8b465ee728b)  -> (artifact id: 'f145097b94546d72416ed5489a00c354') in 0.020425 seconds
  Import took 0.023509 seconds .

========================================================================
Received Import Request.
  Time since last request: 0.002096 seconds.
  path: Assets/Prefabs/Good 3.prefab
  artifactKey: Guid(6cfc35ed7a9d54fe68982ffb323221a2) Importer(815301076,1909f56bfc062723c751e8b465ee728b)
Start importing Assets/Prefabs/Good 3.prefab using Guid(6cfc35ed7a9d54fe68982ffb323221a2) Importer(815301076,1909f56bfc062723c751e8b465ee728b)  -> (artifact id: 'f145097b94546d72416ed5489a00c354') in 0.008247 seconds
  Import took 0.010467 seconds .

========================================================================
Received Import Request.
  Time since last request: 258371.296888 seconds.
  path: Assets/Challenge 5/Challenge 5.unity
  artifactKey: Guid(2c85e4f6638394ea8b8154a3b832357b) Importer(815301076,1909f56bfc062723c751e8b465ee728b)
Start importing Assets/Challenge 5/Challenge 5.unity using Guid(2c85e4f6638394ea8b8154a3b832357b) Importer(815301076,1909f56bfc062723c751e8b465ee728b)  -> (artifact id: '2eff027e8a324e6f3f72c3b44252f0ef') in 0.003041 seconds
  Import took 0.006172 seconds .

========================================================================
Received Import Request.
  Time since last request: 320.576403 seconds.
  path: Assets/Challenge 5/Prefabs/Pizza.prefab
  artifactKey: Guid(11bccc60726374a918b5c73120d47ab3) Importer(815301076,1909f56bfc062723c751e8b465ee728b)
Start importing Assets/Challenge 5/Prefabs/Pizza.prefab using Guid(11bccc60726374a918b5c73120d47ab3) Importer(815301076,1909f56bfc062723c751e8b465ee728b)  -> (artifact id: '5ffe1f463698b28ca4678a6e5151284b') in 0.011713 seconds
  Import took 0.014256 seconds .

========================================================================
Received Import Request.
  Time since last request: 0.001085 seconds.
  path: Assets/Challenge 5/Prefabs/Pizza.prefab
  artifactKey: Guid(11bccc60726374a918b5c73120d47ab3) Importer(815301076,1909f56bfc062723c751e8b465ee728b)
Start importing Assets/Challenge 5/Prefabs/Pizza.prefab using Guid(11bccc60726374a918b5c73120d47ab3) Importer(815301076,1909f56bfc062723c751e8b465ee728b)  -> (artifact id: '5ffe1f463698b28ca4678a6e5151284b') in 0.008120 seconds
  Import took 0.010309 seconds .

========================================================================
Received Import Request.
  Time since last request: 1.194991 seconds.
  path: Assets/Challenge 5/Prefabs/Cookie.prefab
  artifactKey: Guid(9cc97627ed18b449695d703ab651f5cd) Importer(815301076,1909f56bfc062723c751e8b465ee728b)
Start importing Assets/Challenge 5/Prefabs/Cookie.prefab using Guid(9cc97627ed18b449695d703ab651f5cd) Importer(815301076,1909f56bfc062723c751e8b465ee728b)  -> (artifact id: '1a90a4d6ded1af4f9858154f255778f3') in 0.010127 seconds
  Import took 0.013086 seconds .

========================================================================
Received Import Request.
  Time since last request: 42.919165 seconds.
  path: Assets/Course Library/Textures/PolygonPrototype_Texture_Grid_06.png
  artifactKey: Guid(bbc54c0e722a346408cd09eef6dc0cd6) Importer(815301076,1909f56bfc062723c751e8b465ee728b)
Start importing Assets/Course Library/Textures/PolygonPrototype_Texture_Grid_06.png using Guid(bbc54c0e722a346408cd09eef6dc0cd6) Importer(815301076,1909f56bfc062723c751e8b465ee728b)  -> (artifact id: '5ddca299b088ab9b89031749bc27779c') in 0.023787 seconds
  Import took 0.025802 seconds .

========================================================================
Received Import Request.
  Time since last request: 0.083088 seconds.
  path: Assets/Course Library/Textures/PolygonPrototype_Texture_Grid_06.png
  artifactKey: Guid(bbc54c0e722a346408cd09eef6dc0cd6) Importer(815301076,1909f56bfc062723c751e8b465ee728b)
Start importing Assets/Course Library/Textures/PolygonPrototype_Texture_Grid_06.png using Guid(bbc54c0e722a346408cd09eef6dc0cd6) Importer(815301076,1909f56bfc062723c751e8b465ee728b)  -> (artifact id: '5ddca299b088ab9b89031749bc27779c') in 0.005442 seconds
  Import took 0.007442 seconds .

========================================================================
Received Import Request.
  Time since last request: 58.707678 seconds.
  path: Assets/TextMesh Pro
  artifactKey: Guid(f54d1bd14bd3ca042bd867b519fee8cc) Importer(815301076,1909f56bfc062723c751e8b465ee728b)
Start importing Assets/TextMesh Pro using Guid(f54d1bd14bd3ca042bd867b519fee8cc) Importer(815301076,1909f56bfc062723c751e8b465ee728b)  -> (artifact id: '181b0873290938d3100e768dc97d9037') in 0.001367 seconds
  Import took 0.003026 seconds .

========================================================================
Received Import Request.
  Time since last request: 0.004206 seconds.
  path: Assets/TextMesh Pro
  artifactKey: Guid(f54d1bd14bd3ca042bd867b519fee8cc) Importer(815301076,1909f56bfc062723c751e8b465ee728b)
Start importing Assets/TextMesh Pro using Guid(f54d1bd14bd3ca042bd867b519fee8cc) Importer(815301076,1909f56bfc062723c751e8b465ee728b)  -> (artifact id: '181b0873290938d3100e768dc97d9037') in 0.000541 seconds
  Import took 0.001883 seconds .

========================================================================
Received Prepare
Registering precompiled user dll's ...
Registered in 0.000653 seconds.
Begin MonoManager ReloadAssembly
Native extension for OSXStandalone target not found
Refreshing native plugins compatible for Editor in 0.38 ms, found 1 plugins.
Preloading 0 native plugins for Editor in 0.00 ms.
Invoked RoslynAnalysisRunner static constructor.
RoslynAnalysisRunner will not be running.
RoslynAnalysisRunner has terminated.
Mono: successfully reloaded assembly
- Completed reload, in  1.575 seconds
Platform modules already initialized, skipping
Refreshing native plugins compatible for Editor in 0.38 ms, found 1 plugins.
Preloading 0 native plugins for Editor in 0.00 ms.
Unloading 1376 Unused Serialized files (Serialized files now loaded: 0)
System memory in use before: 131.8 MB.
System memory in use after: 131.9 MB.

Unloading 24 unused Assets to reduce memory usage. Loaded Objects now: 1848.
Total: 1.196833 ms (FindLiveObjects: 0.131208 ms CreateObjectMapping: 0.027792 ms MarkObjects: 1.019416 ms  DeleteObjects: 0.017542 ms)

========================================================================
Received Import Request.
  Time since last request: 53.553973 seconds.
  path: Assets/Challenge 5/Scripts/TargetX.cs
  artifactKey: Guid(629360cc36e724222b73cadfd418f267) Importer(815301076,1909f56bfc062723c751e8b465ee728b)
Start importing Assets/Challenge 5/Scripts/TargetX.cs using Guid(629360cc36e724222b73cadfd418f267) Importer(815301076,1909f56bfc062723c751e8b465ee728b)  -> (artifact id: '32e7079031524934ec800cdea43f4f7c') in 0.585262 seconds
  Import took 0.587166 seconds .

========================================================================
Received Prepare
Registering precompiled user dll's ...
Registered in 0.000620 seconds.
Begin MonoManager ReloadAssembly
Native extension for OSXStandalone target not found
Refreshing native plugins compatible for Editor in 0.36 ms, found 1 plugins.
Preloading 0 native plugins for Editor in 0.00 ms.
Invoked RoslynAnalysisRunner static constructor.
RoslynAnalysisRunner will not be running.
RoslynAnalysisRunner has terminated.
Mono: successfully reloaded assembly
- Completed reload, in  1.558 seconds
Platform modules already initialized, skipping
Refreshing native plugins compatible for Editor in 0.37 ms, found 1 plugins.
Preloading 0 native plugins for Editor in 0.00 ms.
Unloading 1376 Unused Serialized files (Serialized files now loaded: 0)
System memory in use before: 136.5 MB.
System memory in use after: 136.6 MB.

Unloading 24 unused Assets to reduce memory usage. Loaded Objects now: 1850.
Total: 1.299959 ms (FindLiveObjects: 0.126708 ms CreateObjectMapping: 0.028000 ms MarkObjects: 1.127458 ms  DeleteObjects: 0.017000 ms)

========================================================================
Received Prepare
Registering precompiled user dll's ...
Registered in 0.000641 seconds.
Begin MonoManager ReloadAssembly
Native extension for OSXStandalone target not found
Refreshing native plugins compatible for Editor in 0.35 ms, found 1 plugins.
Preloading 0 native plugins for Editor in 0.00 ms.
Invoked RoslynAnalysisRunner static constructor.
RoslynAnalysisRunner will not be running.
RoslynAnalysisRunner has terminated.
Mono: successfully reloaded assembly
- Completed reload, in  1.546 seconds
Platform modules already initialized, skipping
Refreshing native plugins compatible for Editor in 0.34 ms, found 1 plugins.
Preloading 0 native plugins for Editor in 0.00 ms.
Unloading 1376 Unused Serialized files (Serialized files now loaded: 0)
System memory in use before: 136.8 MB.
System memory in use after: 136.9 MB.

Unloading 24 unused Assets to reduce memory usage. Loaded Objects now: 1852.
Total: 1.152709 ms (FindLiveObjects: 0.100250 ms CreateObjectMapping: 0.028125 ms MarkObjects: 1.008500 ms  DeleteObjects: 0.014834 ms)

========================================================================
Received Prepare
Registering precompiled user dll's ...
Registered in 0.000526 seconds.
Begin MonoManager ReloadAssembly
Native extension for OSXStandalone target not found
Refreshing native plugins compatible for Editor in 0.34 ms, found 1 plugins.
Preloading 0 native plugins for Editor in 0.00 ms.
Invoked RoslynAnalysisRunner static constructor.
RoslynAnalysisRunner will not be running.
RoslynAnalysisRunner has terminated.
Mono: successfully reloaded assembly
- Completed reload, in  1.518 seconds
Platform modules already initialized, skipping
Refreshing native plugins compatible for Editor in 0.36 ms, found 1 plugins.
Preloading 0 native plugins for Editor in 0.00 ms.
Unloading 1376 Unused Serialized files (Serialized files now loaded: 0)
System memory in use before: 136.5 MB.
System memory in use after: 136.6 MB.

Unloading 24 unused Assets to reduce memory usage. Loaded Objects now: 1854.
Total: 1.275000 ms (FindLiveObjects: 0.158125 ms CreateObjectMapping: 0.030208 ms MarkObjects: 1.071500 ms  DeleteObjects: 0.013958 ms)

========================================================================
Received Prepare
Registering precompiled user dll's ...
Registered in 0.000686 seconds.
Begin MonoManager ReloadAssembly
Native extension for OSXStandalone target not found
Refreshing native plugins compatible for Editor in 0.39 ms, found 1 plugins.
Preloading 0 native plugins for Editor in 0.00 ms.
Invoked RoslynAnalysisRunner static constructor.
RoslynAnalysisRunner will not be running.
RoslynAnalysisRunner has terminated.
Mono: successfully reloaded assembly
- Completed reload, in  1.615 seconds
Platform modules already initialized, skipping
Refreshing native plugins compatible for Editor in 0.37 ms, found 1 plugins.
Preloading 0 native plugins for Editor in 0.00 ms.
Unloading 1376 Unused Serialized files (Serialized files now loaded: 0)
System memory in use before: 137.1 MB.
System memory in use after: 137.2 MB.

Unloading 24 unused Assets to reduce memory usage. Loaded Objects now: 1856.
Total: 1.465250 ms (FindLiveObjects: 0.125000 ms CreateObjectMapping: 0.029000 ms MarkObjects: 1.285417 ms  DeleteObjects: 0.025000 ms)

========================================================================
Received Import Request.
  Time since last request: 336207.461910 seconds.
  path: Assets/Prefabs/Bad 1.prefab
  artifactKey: Guid(dfcf415397a4a4014b3fffa0ce258fa1) Importer(815301076,1909f56bfc062723c751e8b465ee728b)
Start importing Assets/Prefabs/Bad 1.prefab using Guid(dfcf415397a4a4014b3fffa0ce258fa1) Importer(815301076,1909f56bfc062723c751e8b465ee728b)  -> (artifact id: 'ed2828da5ace505985ea5ea47bc25d4c') in 0.156534 seconds
  Import took 0.159275 seconds .

========================================================================
Received Import Request.
  Time since last request: 0.016326 seconds.
  path: Assets/Prefabs/Bad 1.prefab
  artifactKey: Guid(dfcf415397a4a4014b3fffa0ce258fa1) Importer(815301076,1909f56bfc062723c751e8b465ee728b)
Start importing Assets/Prefabs/Bad 1.prefab using Guid(dfcf415397a4a4014b3fffa0ce258fa1) Importer(815301076,1909f56bfc062723c751e8b465ee728b)  -> (artifact id: 'ed2828da5ace505985ea5ea47bc25d4c') in 0.015963 seconds
  Import took 0.018423 seconds .

========================================================================
Received Prepare
Registering precompiled user dll's ...
Registered in 0.000730 seconds.
Begin MonoManager ReloadAssembly
Native extension for OSXStandalone target not found
Refreshing native plugins compatible for Editor in 0.48 ms, found 1 plugins.
Preloading 0 native plugins for Editor in 0.00 ms.
Invoked RoslynAnalysisRunner static constructor.
RoslynAnalysisRunner will not be running.
RoslynAnalysisRunner has terminated.
Mono: successfully reloaded assembly
- Completed reload, in  1.635 seconds
Platform modules already initialized, skipping
Refreshing native plugins compatible for Editor in 0.37 ms, found 1 plugins.
Preloading 0 native plugins for Editor in 0.00 ms.
Unloading 1376 Unused Serialized files (Serialized files now loaded: 0)
System memory in use before: 137.4 MB.
System memory in use after: 137.5 MB.

Unloading 24 unused Assets to reduce memory usage. Loaded Objects now: 1859.
Total: 1.239334 ms (FindLiveObjects: 0.115334 ms CreateObjectMapping: 0.027583 ms MarkObjects: 1.068458 ms  DeleteObjects: 0.027000 ms)

========================================================================
Received Prepare
Registering precompiled user dll's ...
Registered in 0.000569 seconds.
Begin MonoManager ReloadAssembly
Native extension for OSXStandalone target not found
Refreshing native plugins compatible for Editor in 0.36 ms, found 1 plugins.
Preloading 0 native plugins for Editor in 0.00 ms.
Invoked RoslynAnalysisRunner static constructor.
RoslynAnalysisRunner will not be running.
RoslynAnalysisRunner has terminated.
Mono: successfully reloaded assembly
- Completed reload, in  1.555 seconds
Platform modules already initialized, skipping
Refreshing native plugins compatible for Editor in 0.36 ms, found 1 plugins.
Preloading 0 native plugins for Editor in 0.00 ms.
Unloading 1376 Unused Serialized files (Serialized files now loaded: 0)
System memory in use before: 137.2 MB.
System memory in use after: 137.3 MB.

Unloading 24 unused Assets to reduce memory usage. Loaded Objects now: 1861.
Total: 1.480375 ms (FindLiveObjects: 0.151250 ms CreateObjectMapping: 0.028958 ms MarkObjects: 1.277667 ms  DeleteObjects: 0.021500 ms)

========================================================================
Received Prepare
Registering precompiled user dll's ...
Registered in 0.000593 seconds.
Begin MonoManager ReloadAssembly
Native extension for OSXStandalone target not found
Refreshing native plugins compatible for Editor in 0.35 ms, found 1 plugins.
Preloading 0 native plugins for Editor in 0.00 ms.
Invoked RoslynAnalysisRunner static constructor.
RoslynAnalysisRunner will not be running.
RoslynAnalysisRunner has terminated.
Mono: successfully reloaded assembly
- Completed reload, in  1.561 seconds
Platform modules already initialized, skipping
Refreshing native plugins compatible for Editor in 0.37 ms, found 1 plugins.
Preloading 0 native plugins for Editor in 0.00 ms.
Unloading 1376 Unused Serialized files (Serialized files now loaded: 0)
System memory in use before: 137.7 MB.
System memory in use after: 137.8 MB.

Unloading 24 unused Assets to reduce memory usage. Loaded Objects now: 1863.
Total: 1.210750 ms (FindLiveObjects: 0.116750 ms CreateObjectMapping: 0.028083 ms MarkObjects: 1.045083 ms  DeleteObjects: 0.019875 ms)

========================================================================
Received Prepare
Registering precompiled user dll's ...
Registered in 0.000601 seconds.
Begin MonoManager ReloadAssembly
Native extension for OSXStandalone target not found
Refreshing native plugins compatible for Editor in 0.34 ms, found 1 plugins.
Preloading 0 native plugins for Editor in 0.00 ms.
Invoked RoslynAnalysisRunner static constructor.
RoslynAnalysisRunner will not be running.
RoslynAnalysisRunner has terminated.
Mono: successfully reloaded assembly
- Completed reload, in  1.499 seconds
Platform modules already initialized, skipping
Refreshing native plugins compatible for Editor in 0.34 ms, found 1 plugins.
Preloading 0 native plugins for Editor in 0.00 ms.
Unloading 1376 Unused Serialized files (Serialized files now loaded: 0)
System memory in use before: 138.0 MB.
System memory in use after: 138.1 MB.

Unloading 24 unused Assets to reduce memory usage. Loaded Objects now: 1865.
Total: 1.356500 ms (FindLiveObjects: 0.154083 ms CreateObjectMapping: 0.036167 ms MarkObjects: 1.143875 ms  DeleteObjects: 0.020750 ms)

========================================================================
Received Prepare
Registering precompiled user dll's ...
Registered in 0.000565 seconds.
Begin MonoManager ReloadAssembly
Native extension for OSXStandalone target not found
Refreshing native plugins compatible for Editor in 0.34 ms, found 1 plugins.
Preloading 0 native plugins for Editor in 0.00 ms.
Invoked RoslynAnalysisRunner static constructor.
RoslynAnalysisRunner will not be running.
RoslynAnalysisRunner has terminated.
Mono: successfully reloaded assembly
- Completed reload, in  1.500 seconds
Platform modules already initialized, skipping
Refreshing native plugins compatible for Editor in 0.29 ms, found 1 plugins.
Preloading 0 native plugins for Editor in 0.00 ms.
Unloading 1376 Unused Serialized files (Serialized files now loaded: 0)
System memory in use before: 137.7 MB.
System memory in use after: 137.8 MB.

Unloading 24 unused Assets to reduce memory usage. Loaded Objects now: 1867.
Total: 1.300375 ms (FindLiveObjects: 0.156459 ms CreateObjectMapping: 0.031833 ms MarkObjects: 1.094291 ms  DeleteObjects: 0.016750 ms)

========================================================================
Received Import Request.
  Time since last request: 9661.721199 seconds.
  path: Assets/Course Library/Particles/Explosion_Blue.prefab
  artifactKey: Guid(743ce290c74ae49c19aa3f128322fc7e) Importer(815301076,1909f56bfc062723c751e8b465ee728b)
Start importing Assets/Course Library/Particles/Explosion_Blue.prefab using Guid(743ce290c74ae49c19aa3f128322fc7e) Importer(815301076,1909f56bfc062723c751e8b465ee728b)  -> (artifact id: '3648b41f20247cfb51988000915ad767') in 0.058236 seconds
  Import took 0.060585 seconds .

========================================================================
Received Import Request.
  Time since last request: 0.251629 seconds.
  path: Assets/Course Library/Particles/Explosion_Blue.prefab
  artifactKey: Guid(743ce290c74ae49c19aa3f128322fc7e) Importer(815301076,1909f56bfc062723c751e8b465ee728b)
Start importing Assets/Course Library/Particles/Explosion_Blue.prefab using Guid(743ce290c74ae49c19aa3f128322fc7e) Importer(815301076,1909f56bfc062723c751e8b465ee728b)  -> (artifact id: '3648b41f20247cfb51988000915ad767') in 0.005326 seconds
  Import took 0.007311 seconds .

========================================================================
Received Import Request.
  Time since last request: 8.083839 seconds.
  path: Assets/Challenge 5/Prefabs/Skull.prefab
  artifactKey: Guid(591e0b0a9b4dd4709ad61b99dabf57ef) Importer(815301076,1909f56bfc062723c751e8b465ee728b)
Start importing Assets/Challenge 5/Prefabs/Skull.prefab using Guid(591e0b0a9b4dd4709ad61b99dabf57ef) Importer(815301076,1909f56bfc062723c751e8b465ee728b)  -> (artifact id: '6f0f5f9af41f35be2cee313f1917e626') in 0.092178 seconds
  Import took 0.094603 seconds .

========================================================================
Received Import Request.
  Time since last request: 0.030430 seconds.
  path: Assets/Challenge 5/Prefabs/Skull.prefab
  artifactKey: Guid(591e0b0a9b4dd4709ad61b99dabf57ef) Importer(815301076,1909f56bfc062723c751e8b465ee728b)
Start importing Assets/Challenge 5/Prefabs/Skull.prefab using Guid(591e0b0a9b4dd4709ad61b99dabf57ef) Importer(815301076,1909f56bfc062723c751e8b465ee728b)  -> (artifact id: '6f0f5f9af41f35be2cee313f1917e626') in 0.013225 seconds
  Import took 0.015333 seconds .

========================================================================
Received Import Request.
  Time since last request: 5.450045 seconds.
  path: Assets/Scenes/Prototype 5.unity
  artifactKey: Guid(84729eeda748340d0955715b6a50b370) Importer(815301076,1909f56bfc062723c751e8b465ee728b)
Start importing Assets/Scenes/Prototype 5.unity using Guid(84729eeda748340d0955715b6a50b370) Importer(815301076,1909f56bfc062723c751e8b465ee728b)  -> (artifact id: 'cd6b70cac028874da905a7675f26f6f0') in 0.001775 seconds
  Import took 0.003856 seconds .

========================================================================
Received Import Request.
  Time since last request: 33.011036 seconds.
  path: Assets/Scripts
  artifactKey: Guid(633c7ee42653248f3a50f25d2bb76eb9) Importer(815301076,1909f56bfc062723c751e8b465ee728b)
Start importing Assets/Scripts using Guid(633c7ee42653248f3a50f25d2bb76eb9) Importer(815301076,1909f56bfc062723c751e8b465ee728b)  -> (artifact id: '2d48a18b4c73554e16e9781ecc896a52') in 0.001601 seconds
  Import took 0.004497 seconds .

========================================================================
Received Prepare
Registering precompiled user dll's ...
Registered in 0.000668 seconds.
Begin MonoManager ReloadAssembly
Native extension for OSXStandalone target not found
Refreshing native plugins compatible for Editor in 0.34 ms, found 1 plugins.
Preloading 0 native plugins for Editor in 0.00 ms.
Invoked RoslynAnalysisRunner static constructor.
RoslynAnalysisRunner will not be running.
RoslynAnalysisRunner has terminated.
Mono: successfully reloaded assembly
- Completed reload, in  1.540 seconds
Platform modules already initialized, skipping
Refreshing native plugins compatible for Editor in 0.29 ms, found 1 plugins.
Preloading 0 native plugins for Editor in 0.00 ms.
Unloading 1376 Unused Serialized files (Serialized files now loaded: 0)
System memory in use before: 138.4 MB.
System memory in use after: 138.5 MB.

Unloading 24 unused Assets to reduce memory usage. Loaded Objects now: 1870.
Total: 1.261667 ms (FindLiveObjects: 0.137791 ms CreateObjectMapping: 0.029958 ms MarkObjects: 1.079625 ms  DeleteObjects: 0.013292 ms)

AssetImportWorkerClient::OnTransportError - code=2 error=End of file
